#
# A fatal error has been detected by the Java Runtime Environment:
#
#  EXCEPTION_ACCESS_VIOLATION (0xc0000005) at pc=0x000000005d4da0a5, pid=34216, tid=0x000000000000a204
#
# JRE version: Java(TM) SE Runtime Environment (8.0_101-b13) (build 1.8.0_101-b13)
# Java VM: Java HotSpot(TM) 64-Bit Server VM (25.101-b13 mixed mode windows-amd64 compressed oops)
# Problematic frame:
# V  [jvm.dll+0x12a0a5]
#
# Failed to write core dump. Minidumps are not enabled by default on client versions of Windows
#
# If you would like to submit a bug report, please visit:
#   http://bugreport.java.com/bugreport/crash.jsp
#

---------------  T H R E A D  ---------------

Current thread (0x0000000017aa6000):  JavaThread "JDWP Transport Listener: dt_socket" daemon [_thread_in_vm, id=41476, stack(0x00000000190d0000,0x00000000191d0000)]

siginfo: ExceptionCode=0xc0000005, reading address 0xffffffffffffffff

Registers:
RAX=0x00000000191cf201, RBX=0x0000000017aa6000, RCX=0x65626d754e2f676e, RDX=0x0000000000000000
RSP=0x00000000191cf230, RBP=0x65626d754e2f676e, RSI=0x00000000191cf348, RDI=0x0000000002d2e060
R8 =0x0000000017aa6000, R9 =0x0000000000008000, R10=0x000000001b986690, R11=0x00000000191cf481
R12=0x0000000000000000, R13=0x0000000017aa35c8, R14=0x0000000000000000, R15=0x0000000000000000
RIP=0x000000005d4da0a5, EFLAGS=0x0000000000010202

Top of Stack: (sp=0x00000000191cf230)
0x00000000191cf230:   0000000017aa6000 0000000017aa6000
0x00000000191cf240:   00000000191cf2f8 000000005d6e2f0b
0x00000000191cf250:   0000000017aa6000 000000005d6ff76d
0x00000000191cf260:   0000000000000000 000000005d1a9155
0x00000000191cf270:   000000001bd473f0 000000005d1b291e
0x00000000191cf280:   0000000017aa6000 0000000000000000
0x00000000191cf290:   0000000000000000 0000000000000000
0x00000000191cf2a0:   65626d754e2f676e 000000005d1b1a15
0x00000000191cf2b0:   00000000191cf348 00000000191cf320
0x00000000191cf2c0:   0000000000000001 000000001bd473f0
0x00000000191cf2d0:   65626d754e2f676e 000000005d1953b3
0x00000000191cf2e0:   00000000191cf410 0000000000000001
0x00000000191cf2f0:   0000000000000001 000000001bd473f0
0x00000000191cf300:   0000000000000001 0000000000000000
0x00000000191cf310:   0000000000000000 0000000000000000
0x00000000191cf320:   0000000000000001 000000005d195571 

Instructions: (pc=0x000000005d4da0a5)
0x000000005d4da085:   cc cc cc cc cc cc cc cc cc cc cc 48 83 ec 28 48
0x000000005d4da095:   85 c9 75 07 33 c0 48 83 c4 28 c3 48 89 5c 24 20
0x000000005d4da0a5:   48 8b 19 48 85 db 74 20 48 83 fb 37 74 1a 48 8b
0x000000005d4da0b5:   13 48 8b cb ff 52 10 84 c0 74 0d 48 8b c3 48 8b 


Register to memory mapping:

RAX=0x00000000191cf201 is pointing into the stack for thread: 0x0000000017aa6000
RBX=0x0000000017aa6000 is a thread
RCX=0x65626d754e2f676e is an unknown value
RDX=0x0000000000000000 is an unknown value
RSP=0x00000000191cf230 is pointing into the stack for thread: 0x0000000017aa6000
RBP=0x65626d754e2f676e is an unknown value
RSI=0x00000000191cf348 is pointing into the stack for thread: 0x0000000017aa6000
RDI=0x0000000002d2e060 is an unknown value
R8 =0x0000000017aa6000 is a thread
R9 =0x0000000000008000 is an unknown value
R10=0x000000001b986690 is an unknown value
R11=0x00000000191cf481 is pointing into the stack for thread: 0x0000000017aa6000
R12=0x0000000000000000 is an unknown value
R13=0x0000000017aa35c8 is an unknown value
R14=0x0000000000000000 is an unknown value
R15=0x0000000000000000 is an unknown value


Stack: [0x00000000190d0000,0x00000000191d0000],  sp=0x00000000191cf230,  free space=1020k
Native frames: (J=compiled Java code, j=interpreted, Vv=VM code, C=native code)
V  [jvm.dll+0x12a0a5]
V  [jvm.dll+0x34f76d]
C  [jdwp.dll+0x21a15]
C  [jdwp.dll+0x53b3]
C  [jdwp.dll+0x5571]
C  [jdwp.dll+0xf0a8]
C  [jdwp.dll+0x1f2d5]
C  [jdwp.dll+0x1f4aa]
V  [jvm.dll+0x1bd258]
V  [jvm.dll+0x2451a4]
V  [jvm.dll+0x29c18a]
C  [msvcr100.dll+0x21d9f]
C  [msvcr100.dll+0x21e3b]
C  [KERNEL32.DLL+0x12774]
C  [ntdll.dll+0x70d51]


---------------  P R O C E S S  ---------------

Java Threads: ( => current thread )
  0x000000001bdd9800 JavaThread "server" [_thread_blocked, id=15480, stack(0x0000000035580000,0x0000000035680000)]
  0x000000001bddc800 JavaThread "File Watcher" daemon [_thread_blocked, id=43932, stack(0x0000000035480000,0x0000000035580000)]
  0x000000001bddb800 JavaThread "HikariPool-19 housekeeper" daemon [_thread_blocked, id=36292, stack(0x0000000035180000,0x0000000035280000)]
  0x000000001bde2800 JavaThread "reactor-http-nio-4" daemon [_thread_in_native, id=47948, stack(0x0000000034c80000,0x0000000034d80000)]
  0x000000001bde1800 JavaThread "reactor-http-nio-3" daemon [_thread_in_native, id=49084, stack(0x0000000034b80000,0x0000000034c80000)]
  0x000000001bde0000 JavaThread "reactor-http-nio-2" daemon [_thread_in_native, id=36360, stack(0x0000000034a80000,0x0000000034b80000)]
  0x000000001bdda000 JavaThread "reactor-http-nio-1" daemon [_thread_in_native, id=45464, stack(0x0000000034980000,0x0000000034a80000)]
  0x0000000017acf800 JavaThread "parallel-4" daemon [_thread_blocked, id=47404, stack(0x0000000023560000,0x0000000023660000)]
  0x000000001dfdc800 JavaThread "parallel-3" daemon [_thread_blocked, id=13696, stack(0x0000000022860000,0x0000000022960000)]
  0x000000001dfe0800 JavaThread "parallel-2" daemon [_thread_blocked, id=21820, stack(0x0000000022160000,0x0000000022260000)]
  0x000000001dfe2800 JavaThread "DestroyJavaVM" [_thread_blocked, id=3440, stack(0x0000000002d40000,0x0000000002e40000)]
  0x0000000017acd800 JavaThread "parallel-1" daemon [_thread_blocked, id=46712, stack(0x000000001fd40000,0x000000001fe40000)]
  0x0000000017acf000 JavaThread "Live Reload Server" daemon [_thread_in_native, id=45140, stack(0x000000001fc40000,0x000000001fd40000)]
  0x0000000017acc800 JavaThread "ObjectCleanerThread" [_thread_blocked, id=37764, stack(0x000000001f940000,0x000000001fa40000)]
  0x000000001a193000 JavaThread "RMI TCP Accept-0" daemon [_thread_in_native, id=48880, stack(0x000000001a970000,0x000000001aa70000)]
  0x000000001a18b000 JavaThread "RMI TCP Accept-51217" daemon [_thread_in_native, id=43664, stack(0x000000001a870000,0x000000001a970000)]
  0x000000001a131000 JavaThread "RMI TCP Accept-0" daemon [_thread_in_native, id=44052, stack(0x000000001a770000,0x000000001a870000)]
  0x0000000017aee000 JavaThread "Service Thread" daemon [_thread_blocked, id=47564, stack(0x0000000019e70000,0x0000000019f70000)]
  0x0000000017ad2000 JavaThread "C1 CompilerThread2" daemon [_thread_blocked, id=20876, stack(0x0000000019970000,0x0000000019a70000)]
  0x0000000017ac9800 JavaThread "C2 CompilerThread1" daemon [_thread_blocked, id=34060, stack(0x0000000019870000,0x0000000019970000)]
  0x0000000017abf800 JavaThread "C2 CompilerThread0" daemon [_thread_blocked, id=8768, stack(0x0000000019770000,0x0000000019870000)]
  0x0000000017ab4800 JavaThread "JDWP Command Reader" daemon [_thread_in_native, id=39876, stack(0x0000000019670000,0x0000000019770000)]
  0x0000000017ab1800 JavaThread "JDWP Event Helper Thread" daemon [_thread_blocked, id=36272, stack(0x0000000019570000,0x0000000019670000)]
=>0x0000000017aa6000 JavaThread "JDWP Transport Listener: dt_socket" daemon [_thread_in_vm, id=41476, stack(0x00000000190d0000,0x00000000191d0000)]
  0x0000000017a99000 JavaThread "Attach Listener" daemon [_thread_blocked, id=22320, stack(0x0000000018fd0000,0x00000000190d0000)]
  0x0000000017a97000 JavaThread "Signal Dispatcher" daemon [_thread_blocked, id=46788, stack(0x0000000018ed0000,0x0000000018fd0000)]
  0x0000000017a7f800 JavaThread "Finalizer" daemon [_thread_blocked, id=47500, stack(0x0000000018ce0000,0x0000000018de0000)]
  0x0000000002f39000 JavaThread "Reference Handler" daemon [_thread_blocked, id=23404, stack(0x0000000018be0000,0x0000000018ce0000)]

Other Threads:
  0x0000000017a56800 VMThread [stack: 0x0000000018ae0000,0x0000000018be0000] [id=29512]
  0x000000001a196000 WatcherThread [stack: 0x000000001aa70000,0x000000001ab70000] [id=47796]

VM state:not at safepoint (normal execution)

VM Mutex/Monitor currently owned by a thread: None

Heap:
 PSYoungGen      total 307200K, used 212576K [0x00000000d5d80000, 0x00000000e9680000, 0x0000000100000000)
  eden space 295424K, 71% used [0x00000000d5d80000,0x00000000e2d181c0,0x00000000e7e00000)
  from space 11776K, 0% used [0x00000000e8a00000,0x00000000e8a00000,0x00000000e9580000)
  to   space 12288K, 0% used [0x00000000e7e00000,0x00000000e7e00000,0x00000000e8a00000)
 ParOldGen       total 82944K, used 33014K [0x0000000081800000, 0x0000000086900000, 0x00000000d5d80000)
  object space 82944K, 39% used [0x0000000081800000,0x000000008383d940,0x0000000086900000)
 Metaspace       used 61790K, capacity 67740K, committed 68096K, reserved 1107968K
  class space    used 8357K, capacity 9603K, committed 9728K, reserved 1048576K

Card table byte_map: [0x0000000012300000,0x0000000012700000] byte_map_base: 0x0000000011ef4000

Marking Bits: (ParMarkBitMap*) 0x000000005dbca6d0
 Begin Bits: [0x0000000012db0000, 0x0000000014d50000)
 End Bits:   [0x0000000014d50000, 0x0000000016cf0000)

Polling page: 0x0000000000f60000

CodeCache: size=245760Kb used=19407Kb max_used=19407Kb free=226352Kb
 bounds [0x0000000002f40000, 0x0000000004240000, 0x0000000011f40000]
 total_blobs=10216 nmethods=9646 adapters=488
 compilation: enabled

Compilation events (10 events):
Event: 4244.222 Thread 0x0000000017ad2000 9733       1       org.jboss.logging.Logger::isTraceEnabled (8 bytes)
Event: 4244.222 Thread 0x0000000017ad2000 nmethod 9733 0x0000000004233dd0 code [0x0000000004233f40, 0x0000000004234088]
Event: 4244.225 Thread 0x0000000017ad2000 9734       1       io.netty.util.Recycler$Stack::scavengeSome (116 bytes)
Event: 4244.226 Thread 0x0000000017ad2000 nmethod 9734 0x0000000004234110 code [0x00000000042342a0, 0x00000000042345e8]
Event: 4244.226 Thread 0x0000000017ad2000 9735       1       io.netty.buffer.ByteBufUtil::setShortBE (26 bytes)
Event: 4244.227 Thread 0x0000000017ad2000 nmethod 9735 0x0000000004234810 code [0x0000000004234980, 0x0000000004234b48]
Event: 4244.227 Thread 0x0000000017ad2000 9736       1       io.netty.buffer.AbstractByteBuf::setShort (14 bytes)
Event: 4244.228 Thread 0x0000000017ad2000 nmethod 9736 0x0000000004234c10 code [0x0000000004234da0, 0x0000000004234fb8]
Event: 4332.386 Thread 0x0000000017ad2000 9737       1       java.util.concurrent.locks.AbstractQueuedSynchronizer::transferForSignal (45 bytes)
Event: 4332.387 Thread 0x0000000017ad2000 nmethod 9737 0x0000000004235190 code [0x0000000004235300, 0x0000000004235538]

GC Heap History (10 events):
Event: 3319.579 GC heap before
{Heap before GC invocations=44 (full 18):
 PSYoungGen      total 308224K, used 8141K [0x00000000d5d80000, 0x00000000e9680000, 0x0000000100000000)
  eden space 295936K, 0% used [0x00000000d5d80000,0x00000000d5d80000,0x00000000e7e80000)
  from space 12288K, 66% used [0x00000000e8a80000,0x00000000e9273498,0x00000000e9680000)
  to   space 12288K, 0% used [0x00000000e7e80000,0x00000000e7e80000,0x00000000e8a80000)
 ParOldGen       total 82944K, used 30295K [0x0000000081800000, 0x0000000086900000, 0x00000000d5d80000)
  object space 82944K, 36% used [0x0000000081800000,0x0000000083595d38,0x0000000086900000)
 Metaspace       used 59058K, capacity 63992K, committed 64256K, reserved 1103872K
  class space    used 8031K, capacity 9175K, committed 9216K, reserved 1048576K
Event: 3319.926 GC heap after
Heap after GC invocations=44 (full 18):
 PSYoungGen      total 308224K, used 0K [0x00000000d5d80000, 0x00000000e9680000, 0x0000000100000000)
  eden space 295936K, 0% used [0x00000000d5d80000,0x00000000d5d80000,0x00000000e7e80000)
  from space 12288K, 0% used [0x00000000e8a80000,0x00000000e8a80000,0x00000000e9680000)
  to   space 12288K, 0% used [0x00000000e7e80000,0x00000000e7e80000,0x00000000e8a80000)
 ParOldGen       total 82944K, used 30645K [0x0000000081800000, 0x0000000086900000, 0x00000000d5d80000)
  object space 82944K, 36% used [0x0000000081800000,0x00000000835ed580,0x0000000086900000)
 Metaspace       used 59058K, capacity 63992K, committed 64256K, reserved 1103872K
  class space    used 8031K, capacity 9175K, committed 9216K, reserved 1048576K
}
Event: 3527.622 GC heap before
{Heap before GC invocations=45 (full 18):
 PSYoungGen      total 308224K, used 212755K [0x00000000d5d80000, 0x00000000e9680000, 0x0000000100000000)
  eden space 295936K, 71% used [0x00000000d5d80000,0x00000000e2d44fa8,0x00000000e7e80000)
  from space 12288K, 0% used [0x00000000e8a80000,0x00000000e8a80000,0x00000000e9680000)
  to   space 12288K, 0% used [0x00000000e7e80000,0x00000000e7e80000,0x00000000e8a80000)
 ParOldGen       total 82944K, used 30645K [0x0000000081800000, 0x0000000086900000, 0x00000000d5d80000)
  object space 82944K, 36% used [0x0000000081800000,0x00000000835ed580,0x0000000086900000)
 Metaspace       used 59260K, capacity 64256K, committed 64384K, reserved 1103872K
  class space    used 8054K, capacity 9257K, committed 9344K, reserved 1048576K
Event: 3527.635 GC heap after
Heap after GC invocations=45 (full 18):
 PSYoungGen      total 304128K, used 7785K [0x00000000d5d80000, 0x00000000e9580000, 0x0000000100000000)
  eden space 295936K, 0% used [0x00000000d5d80000,0x00000000d5d80000,0x00000000e7e80000)
  from space 8192K, 95% used [0x00000000e7e80000,0x00000000e861a570,0x00000000e8680000)
  to   space 11776K, 0% used [0x00000000e8a00000,0x00000000e8a00000,0x00000000e9580000)
 ParOldGen       total 82944K, used 30653K [0x0000000081800000, 0x0000000086900000, 0x00000000d5d80000)
  object space 82944K, 36% used [0x0000000081800000,0x00000000835ef580,0x0000000086900000)
 Metaspace       used 59260K, capacity 64256K, committed 64384K, reserved 1103872K
  class space    used 8054K, capacity 9257K, committed 9344K, reserved 1048576K
}
Event: 3527.635 GC heap before
{Heap before GC invocations=46 (full 19):
 PSYoungGen      total 304128K, used 7785K [0x00000000d5d80000, 0x00000000e9580000, 0x0000000100000000)
  eden space 295936K, 0% used [0x00000000d5d80000,0x00000000d5d80000,0x00000000e7e80000)
  from space 8192K, 95% used [0x00000000e7e80000,0x00000000e861a570,0x00000000e8680000)
  to   space 11776K, 0% used [0x00000000e8a00000,0x00000000e8a00000,0x00000000e9580000)
 ParOldGen       total 82944K, used 30653K [0x0000000081800000, 0x0000000086900000, 0x00000000d5d80000)
  object space 82944K, 36% used [0x0000000081800000,0x00000000835ef580,0x0000000086900000)
 Metaspace       used 59260K, capacity 64256K, committed 64384K, reserved 1103872K
  class space    used 8054K, capacity 9257K, committed 9344K, reserved 1048576K
Event: 3527.760 GC heap after
Heap after GC invocations=46 (full 19):
 PSYoungGen      total 304128K, used 0K [0x00000000d5d80000, 0x00000000e9580000, 0x0000000100000000)
  eden space 295936K, 0% used [0x00000000d5d80000,0x00000000d5d80000,0x00000000e7e80000)
  from space 8192K, 0% used [0x00000000e7e80000,0x00000000e7e80000,0x00000000e8680000)
  to   space 11776K, 0% used [0x00000000e8a00000,0x00000000e8a00000,0x00000000e9580000)
 ParOldGen       total 82944K, used 30822K [0x0000000081800000, 0x0000000086900000, 0x00000000d5d80000)
  object space 82944K, 37% used [0x0000000081800000,0x0000000083619bb0,0x0000000086900000)
 Metaspace       used 59260K, capacity 64256K, committed 64384K, reserved 1103872K
  class space    used 8054K, capacity 9257K, committed 9344K, reserved 1048576K
}
Event: 4209.616 GC heap before
{Heap before GC invocations=47 (full 19):
 PSYoungGen      total 304128K, used 285203K [0x00000000d5d80000, 0x00000000e9580000, 0x0000000100000000)
  eden space 295936K, 96% used [0x00000000d5d80000,0x00000000e7404f50,0x00000000e7e80000)
  from space 8192K, 0% used [0x00000000e7e80000,0x00000000e7e80000,0x00000000e8680000)
  to   space 11776K, 0% used [0x00000000e8a00000,0x00000000e8a00000,0x00000000e9580000)
 ParOldGen       total 82944K, used 30822K [0x0000000081800000, 0x0000000086900000, 0x00000000d5d80000)
  object space 82944K, 37% used [0x0000000081800000,0x0000000083619bb0,0x0000000086900000)
 Metaspace       used 61491K, capacity 67122K, committed 67200K, reserved 1107968K
  class space    used 8327K, capacity 9554K, committed 9600K, reserved 1048576K
Event: 4209.626 GC heap after
Heap after GC invocations=47 (full 19):
 PSYoungGen      total 307200K, used 10259K [0x00000000d5d80000, 0x00000000e9680000, 0x0000000100000000)
  eden space 295424K, 0% used [0x00000000d5d80000,0x00000000d5d80000,0x00000000e7e00000)
  from space 11776K, 87% used [0x00000000e8a00000,0x00000000e9404d28,0x00000000e9580000)
  to   space 12288K, 0% used [0x00000000e7e00000,0x00000000e7e00000,0x00000000e8a00000)
 ParOldGen       total 82944K, used 30830K [0x0000000081800000, 0x0000000086900000, 0x00000000d5d80000)
  object space 82944K, 37% used [0x0000000081800000,0x000000008361bbb0,0x0000000086900000)
 Metaspace       used 61491K, capacity 67122K, committed 67200K, reserved 1107968K
  class space    used 8327K, capacity 9554K, committed 9600K, reserved 1048576K
}
Event: 4209.626 GC heap before
{Heap before GC invocations=48 (full 20):
 PSYoungGen      total 307200K, used 10259K [0x00000000d5d80000, 0x00000000e9680000, 0x0000000100000000)
  eden space 295424K, 0% used [0x00000000d5d80000,0x00000000d5d80000,0x00000000e7e00000)
  from space 11776K, 87% used [0x00000000e8a00000,0x00000000e9404d28,0x00000000e9580000)
  to   space 12288K, 0% used [0x00000000e7e00000,0x00000000e7e00000,0x00000000e8a00000)
 ParOldGen       total 82944K, used 30830K [0x0000000081800000, 0x0000000086900000, 0x00000000d5d80000)
  object space 82944K, 37% used [0x0000000081800000,0x000000008361bbb0,0x0000000086900000)
 Metaspace       used 61491K, capacity 67122K, committed 67200K, reserved 1107968K
  class space    used 8327K, capacity 9554K, committed 9600K, reserved 1048576K
Event: 4210.024 GC heap after
Heap after GC invocations=48 (full 20):
 PSYoungGen      total 307200K, used 0K [0x00000000d5d80000, 0x00000000e9680000, 0x0000000100000000)
  eden space 295424K, 0% used [0x00000000d5d80000,0x00000000d5d80000,0x00000000e7e00000)
  from space 11776K, 0% used [0x00000000e8a00000,0x00000000e8a00000,0x00000000e9580000)
  to   space 12288K, 0% used [0x00000000e7e00000,0x00000000e7e00000,0x00000000e8a00000)
 ParOldGen       total 82944K, used 33014K [0x0000000081800000, 0x0000000086900000, 0x00000000d5d80000)
  object space 82944K, 39% used [0x0000000081800000,0x000000008383d940,0x0000000086900000)
 Metaspace       used 61491K, capacity 67122K, committed 67200K, reserved 1107968K
  class space    used 8327K, capacity 9554K, committed 9600K, reserved 1048576K
}

Deoptimization events (0 events):
No events

Internal exceptions (10 events):
Event: 4213.329 Thread 0x000000001bdde800 Exception <a 'java/lang/ArrayIndexOutOfBoundsException'> (0x00000000e194de70) thrown at [C:\re\workspace\8-2-build-windows-amd64-cygwin\jdk8u101\7261\hotspot\src\share\vm\runtime\sharedRuntime.cpp, line 605]
Event: 4213.329 Thread 0x000000001bdde800 Exception <a 'java/lang/ArrayIndexOutOfBoundsException'> (0x00000000e194fdd8) thrown at [C:\re\workspace\8-2-build-windows-amd64-cygwin\jdk8u101\7261\hotspot\src\share\vm\runtime\sharedRuntime.cpp, line 605]
Event: 4213.330 Thread 0x000000001bdde800 Exception <a 'java/lang/ArrayIndexOutOfBoundsException'> (0x00000000e1958c48) thrown at [C:\re\workspace\8-2-build-windows-amd64-cygwin\jdk8u101\7261\hotspot\src\share\vm\runtime\sharedRuntime.cpp, line 605]
Event: 4213.414 Thread 0x000000001bdde800 Exception <a 'java/lang/ArrayIndexOutOfBoundsException'> (0x00000000e1bd83f8) thrown at [C:\re\workspace\8-2-build-windows-amd64-cygwin\jdk8u101\7261\hotspot\src\share\vm\runtime\sharedRuntime.cpp, line 605]
Event: 4213.416 Thread 0x000000001bdde800 Exception <a 'java/lang/ArrayIndexOutOfBoundsException'> (0x00000000e1bed9e0) thrown at [C:\re\workspace\8-2-build-windows-amd64-cygwin\jdk8u101\7261\hotspot\src\share\vm\runtime\sharedRuntime.cpp, line 605]
Event: 4213.416 Thread 0x000000001bdde800 Exception <a 'java/lang/ArrayIndexOutOfBoundsException'> (0x00000000e1bf6dd8) thrown at [C:\re\workspace\8-2-build-windows-amd64-cygwin\jdk8u101\7261\hotspot\src\share\vm\runtime\sharedRuntime.cpp, line 605]
Event: 4213.482 Thread 0x000000001bdde800 Exception <a 'java/lang/ArrayIndexOutOfBoundsException'> (0x00000000e1ee7300) thrown at [C:\re\workspace\8-2-build-windows-amd64-cygwin\jdk8u101\7261\hotspot\src\share\vm\runtime\sharedRuntime.cpp, line 605]
Event: 4213.483 Thread 0x000000001bdde800 Exception <a 'java/lang/ArrayIndexOutOfBoundsException'> (0x00000000e1ee9cd8) thrown at [C:\re\workspace\8-2-build-windows-amd64-cygwin\jdk8u101\7261\hotspot\src\share\vm\runtime\sharedRuntime.cpp, line 605]
Event: 4225.681 Thread 0x000000001bde1800 Exception <a 'java/lang/ClassNotFoundException': java/lang/ObjectCustomizer> (0x00000000d5ed5300) thrown at [C:\re\workspace\8-2-build-windows-amd64-cygwin\jdk8u101\7261\hotspot\src\share\vm\classfile\systemDictionary.cpp, line 210]
Event: 4225.682 Thread 0x000000001bde1800 Exception <a 'java/lang/ClassNotFoundException': com/juliuskrah/audit/CustomerCustomizer> (0x00000000d5eec568) thrown at [C:\re\workspace\8-2-build-windows-amd64-cygwin\jdk8u101\7261\hotspot\src\share\vm\classfile\systemDictionary.cpp, line 210]

Events (10 events):
Event: 4244.223 Thread 0x000000001bde1800 DEOPT PACKING pc=0x00000000032fea14 sp=0x0000000034c7c860
Event: 4244.223 Thread 0x000000001bde1800 DEOPT UNPACKING pc=0x0000000002f8787f sp=0x0000000034c7c628 mode 1
Event: 4244.224 Thread 0x000000001bde1800 DEOPT PACKING pc=0x000000000310d389 sp=0x0000000034c7c780
Event: 4244.224 Thread 0x000000001bde1800 DEOPT UNPACKING pc=0x0000000002f8787f sp=0x0000000034c7c4d0 mode 1
Event: 4244.224 Thread 0x000000001bde1800 DEOPT PACKING pc=0x00000000033001f4 sp=0x0000000034c7c800
Event: 4244.224 Thread 0x000000001bde1800 DEOPT UNPACKING pc=0x0000000002f8787f sp=0x0000000034c7c530 mode 1
Event: 4244.224 Thread 0x000000001bde1800 DEOPT PACKING pc=0x00000000032fea14 sp=0x0000000034c7c860
Event: 4244.224 Thread 0x000000001bde1800 DEOPT UNPACKING pc=0x0000000002f8787f sp=0x0000000034c7c628 mode 1
Event: 4457.019 Executing VM operation: RedefineClasses
Event: 4457.817 Executing VM operation: RedefineClasses done


Dynamic libraries:
0x00007ff6aea40000 - 0x00007ff6aea77000 	C:\Program Files\Java\jdk1.8.0_101\bin\javaw.exe
0x00007ff9b7390000 - 0x00007ff9b756b000 	C:\WINDOWS\SYSTEM32\ntdll.dll
0x00007ff9b69f0000 - 0x00007ff9b6a9e000 	C:\WINDOWS\System32\KERNEL32.DLL
0x00007ff9b46a0000 - 0x00007ff9b48e9000 	C:\WINDOWS\System32\KERNELBASE.dll
0x00007ff9b5300000 - 0x00007ff9b53a1000 	C:\WINDOWS\System32\ADVAPI32.dll
0x00007ff9b6ab0000 - 0x00007ff9b6b4d000 	C:\WINDOWS\System32\msvcrt.dll
0x00007ff9b7270000 - 0x00007ff9b72c9000 	C:\WINDOWS\System32\sechost.dll
0x00007ff9b6fd0000 - 0x00007ff9b70f5000 	C:\WINDOWS\System32\RPCRT4.dll
0x00007ff9b4fd0000 - 0x00007ff9b511a000 	C:\WINDOWS\System32\USER32.dll
0x00007ff9b4680000 - 0x00007ff9b469e000 	C:\WINDOWS\System32\win32u.dll
0x00007ff9b6b50000 - 0x00007ff9b6b77000 	C:\WINDOWS\System32\GDI32.dll
0x00007ff9b44f0000 - 0x00007ff9b4677000 	C:\WINDOWS\System32\gdi32full.dll
0x00007ff9b42e0000 - 0x00007ff9b437a000 	C:\WINDOWS\System32\msvcp_win.dll
0x00007ff9b4380000 - 0x00007ff9b4476000 	C:\WINDOWS\System32\ucrtbase.dll
0x00007ff9983c0000 - 0x00007ff998627000 	C:\WINDOWS\WinSxS\amd64_microsoft.windows.common-controls_6595b64144ccf1df_6.0.15063.483_none_26002d27e7c744a2\COMCTL32.dll
0x00007ff9b6cc0000 - 0x00007ff9b6fb9000 	C:\WINDOWS\System32\combase.dll
0x00007ff9b4480000 - 0x00007ff9b44ea000 	C:\WINDOWS\System32\bcryptPrimitives.dll
0x00007ff9b5430000 - 0x00007ff9b545d000 	C:\WINDOWS\System32\IMM32.DLL
0x000000005d1d0000 - 0x000000005d2a2000 	C:\Program Files\Java\jdk1.8.0_101\jre\bin\msvcr100.dll
0x000000005d3b0000 - 0x000000005dc4a000 	C:\Program Files\Java\jdk1.8.0_101\jre\bin\server\jvm.dll
0x00007ff9b52f0000 - 0x00007ff9b52f8000 	C:\WINDOWS\System32\PSAPI.DLL
0x00007ff9ae6f0000 - 0x00007ff9ae713000 	C:\WINDOWS\SYSTEM32\WINMM.dll
0x00007ff9b07e0000 - 0x00007ff9b07e9000 	C:\WINDOWS\SYSTEM32\WSOCK32.dll
0x00007ff9b6c30000 - 0x00007ff9b6c9c000 	C:\WINDOWS\System32\WS2_32.dll
0x00007ff9abea0000 - 0x00007ff9abeaa000 	C:\WINDOWS\SYSTEM32\VERSION.dll
0x00007ff9ae690000 - 0x00007ff9ae6bb000 	C:\WINDOWS\SYSTEM32\WINMMBASE.dll
0x00007ff9b38b0000 - 0x00007ff9b38f9000 	C:\WINDOWS\System32\cfgmgr32.dll
0x000000005e980000 - 0x000000005e98f000 	C:\Program Files\Java\jdk1.8.0_101\jre\bin\verify.dll
0x000000005d380000 - 0x000000005d3a9000 	C:\Program Files\Java\jdk1.8.0_101\jre\bin\java.dll
0x000000005d190000 - 0x000000005d1c5000 	C:\Program Files\Java\jdk1.8.0_101\jre\bin\jdwp.dll
0x000000005d180000 - 0x000000005d188000 	C:\Program Files\Java\jdk1.8.0_101\jre\bin\npt.dll
0x000000005d330000 - 0x000000005d346000 	C:\Program Files\Java\jdk1.8.0_101\jre\bin\zip.dll
0x00007ff9b55b0000 - 0x00007ff9b69e7000 	C:\WINDOWS\System32\SHELL32.dll
0x00007ff9b6b80000 - 0x00007ff9b6c2a000 	C:\WINDOWS\System32\shcore.dll
0x00007ff9b3be0000 - 0x00007ff9b42d1000 	C:\WINDOWS\System32\windows.storage.dll
0x00007ff9b4d30000 - 0x00007ff9b4d81000 	C:\WINDOWS\System32\shlwapi.dll
0x00007ff9b3890000 - 0x00007ff9b38a1000 	C:\WINDOWS\System32\kernel.appcore.dll
0x00007ff9b3820000 - 0x00007ff9b386c000 	C:\WINDOWS\System32\powrprof.dll
0x00007ff9b3870000 - 0x00007ff9b3885000 	C:\WINDOWS\System32\profapi.dll
0x000000005d170000 - 0x000000005d179000 	C:\Program Files\Java\jdk1.8.0_101\jre\bin\dt_socket.dll
0x00007ff993a30000 - 0x00007ff993a46000 	C:\WINDOWS\system32\napinsp.dll
0x00007ff993a10000 - 0x00007ff993a2a000 	C:\WINDOWS\system32\pnrpnsp.dll
0x00007ff9ae470000 - 0x00007ff9ae488000 	C:\WINDOWS\system32\NLAapi.dll
0x00007ff9b30b0000 - 0x00007ff9b310c000 	C:\WINDOWS\System32\mswsock.dll
0x00007ff9b2e90000 - 0x00007ff9b2f34000 	C:\WINDOWS\SYSTEM32\DNSAPI.dll
0x00007ff9b6fc0000 - 0x00007ff9b6fc8000 	C:\WINDOWS\System32\NSI.dll
0x00007ff9b2e50000 - 0x00007ff9b2e87000 	C:\WINDOWS\SYSTEM32\IPHLPAPI.DLL
0x00007ff9ac590000 - 0x00007ff9ac59e000 	C:\WINDOWS\System32\winrnr.dll
0x00007ff9939f0000 - 0x00007ff993a05000 	C:\WINDOWS\System32\wshbth.dll
0x000000005e3e0000 - 0x000000005e406000 	C:\Program Files\Bonjour\mdnsNSP.dll
0x00007ff9b0740000 - 0x00007ff9b07ab000 	C:\WINDOWS\System32\fwpuclnt.dll
0x00007ff9b36d0000 - 0x00007ff9b36f5000 	C:\WINDOWS\SYSTEM32\bcrypt.dll
0x00007ff9ae900000 - 0x00007ff9ae90a000 	C:\Windows\System32\rasadhlp.dll
0x000000005d2b0000 - 0x000000005d2bd000 	C:\Program Files\Java\jdk1.8.0_101\jre\bin\management.dll
0x000000005d310000 - 0x000000005d32a000 	C:\Program Files\Java\jdk1.8.0_101\jre\bin\net.dll
0x000000005d2f0000 - 0x000000005d301000 	C:\Program Files\Java\jdk1.8.0_101\jre\bin\nio.dll
0x00007ff9b3250000 - 0x00007ff9b3267000 	C:\WINDOWS\SYSTEM32\CRYPTSP.dll
0x00007ff9b2ce0000 - 0x00007ff9b2d14000 	C:\WINDOWS\system32\rsaenh.dll
0x00007ff9b3730000 - 0x00007ff9b3759000 	C:\WINDOWS\SYSTEM32\USERENV.dll
0x00007ff9b3270000 - 0x00007ff9b327b000 	C:\WINDOWS\SYSTEM32\CRYPTBASE.dll
0x00007ff9afcf0000 - 0x00007ff9afd06000 	C:\WINDOWS\SYSTEM32\dhcpcsvc6.DLL
0x00007ff9afcd0000 - 0x00007ff9afcea000 	C:\WINDOWS\SYSTEM32\dhcpcsvc.DLL
0x00007ff9abb40000 - 0x00007ff9abce9000 	C:\WINDOWS\SYSTEM32\dbghelp.dll

VM Arguments:
jvm_args: -agentlib:jdwp=transport=dt_socket,suspend=y,address=localhost:51218 -Dcom.sun.management.jmxremote -Dcom.sun.management.jmxremote.port=51217 -Dcom.sun.management.jmxremote.authenticate=false -Dcom.sun.management.jmxremote.ssl=false -Djava.rmi.server.hostname=localhost -Dspring.liveBeansView.mbeanDomain -Dspring.application.admin.enabled=true -Xverify:none -XX:TieredStopAtLevel=1 -Dfile.encoding=UTF-8 
java_command: com.juliuskrah.audit.Application --spring.output.ansi.enabled=always
java_class_path (initial): C:\Users\juliuskr\.m2\repository\org\springframework\boot\spring-boot-devtools\2.0.0.RC1\spring-boot-devtools-2.0.0.RC1.jar;C:\Users\juliuskr\.m2\repository\org\springframework\boot\spring-boot-autoconfigure\2.0.0.RC1\spring-boot-autoconfigure-2.0.0.RC1.jar;C:\Users\juliuskr\.m2\repository\org\springframework\boot\spring-boot-starter-logging\2.0.0.RC1\spring-boot-starter-logging-2.0.0.RC1.jar;C:\Users\juliuskr\.m2\repository\org\synchronoss\cloud\nio-stream-storage\1.1.3\nio-stream-storage-1.1.3.jar;C:\Users\juliuskr\.m2\repository\com\fasterxml\jackson\datatype\jackson-datatype-jsr310\2.9.2\jackson-datatype-jsr310-2.9.2.jar;C:\Users\juliuskr\.m2\repository\ch\qos\logback\logback-classic\1.2.3\logback-classic-1.2.3.jar;C:\Users\juliuskr\.m2\repository\org\apache\logging\log4j\log4j-api\2.10.0\log4j-api-2.10.0.jar;C:\Users\juliuskr\.m2\repository\io\netty\netty-common\4.1.20.Final\netty-common-4.1.20.Final.jar;C:\Users\juliuskr\.m2\repository\org\synchronoss\cloud\nio-multipart-parser\1.1.0\nio-multipart-parser-1.1.0.jar;C:\Users\juliuskr\.m2\repository\org\springframework\spring-aspects\5.0.3.RELEASE\spring-aspects-5.0.3.RELEASE.jar;C:\Users\juliuskr\.m2\repository\javax\validation\validation-api\2.0.1.Final\validation-api-2.0.1.Final.jar;C:\Users\juliuskr\.m2\repository\ch\qos\logback\logback-core\1.2.3\logback-core-1.2.3.jar;C:\Users\juliuskr\.m2\repository\org\springframework\spring-tx\5.0.3.RELEASE\spring-tx-5.0.3.RELEASE.jar;C:\Users\juliuskr\.m2\repository\javax\annotation\javax.annotation-api\1.3.1\javax.annotation-api-1.3.1.jar;C:\Users\juliuskr\.m2\repository\org\javassist\javassist\3.22.0-CR2\javassist-3.22.0-CR2.jar;C:\Users\juliuskr\.m2\repository\io\projectreactor\ipc\reactor-netty\0.7.3.RELEASE\reactor-netty-0.7.3.RELEASE.jar;C:\Users\juliuskr\Documents\Julius Krah - Github\spring-data-audit\target\classes;C:\Users\juliuskr\.m2\repository\org\springframework\spring-core\5.0.3.RELEASE\spring-core-5.0.3.RELEASE.jar;C:\Users\j
Launcher Type: SUN_STANDARD

Environment Variables:
JAVA_HOME=C:\ProgramData\Oracle\Java\javapath\JDK
USERNAME=juliuskr
OS=Windows_NT
PROCESSOR_IDENTIFIER=Intel64 Family 6 Model 78 Stepping 3, GenuineIntel



---------------  S Y S T E M  ---------------

OS: Windows 10.0 , 64 bit Build 15063 (10.0.15063.296)

CPU:total 4 (2 cores per cpu, 2 threads per core) family 6 model 78 stepping 3, cmov, cx8, fxsr, mmx, sse, sse2, sse3, ssse3, sse4.1, sse4.2, popcnt, avx, avx2, aes, clmul, erms, 3dnowpref, lzcnt, ht, tsc, tscinvbit, bmi1, bmi2, adx

Memory: 4k page, physical 8282708k(1472988k free), swap 15622740k(5427680k free)

vm_info: Java HotSpot(TM) 64-Bit Server VM (25.101-b13) for windows-amd64 JRE (1.8.0_101-b13), built on Jun 22 2016 01:21:29 by "java_re" with MS VC++ 10.0 (VS2010)

time: Wed Feb 14 13:34:55 2018
elapsed time: 4458 seconds (0d 1h 14m 18s)

